#
# A fatal error has been detected by the Java Runtime Environment:
#
#  EXCEPTION_ACCESS_VIOLATION (0xc0000005) at pc=0x00007ffb88b2735f, pid=6508, tid=0x0000000000002fac
#
# JRE version: Java(TM) SE Runtime Environment (8.0_181-b13) (build 1.8.0_181-b13)
# Java VM: Java HotSpot(TM) 64-Bit Server VM (25.181-b13 mixed mode windows-amd64 compressed oops)
# Problematic frame:
# C  [CLIPSJNI.dll+0x4735f]
#
# Failed to write core dump. Minidumps are not enabled by default on client versions of Windows
#
# If you would like to submit a bug report, please visit:
#   http://bugreport.java.com/bugreport/crash.jsp
# The crash happened outside the Java Virtual Machine in native code.
# See problematic frame for where to report the bug.
#

---------------  T H R E A D  ---------------

Current thread (0x0000000002c03800):  JavaThread "main" [_thread_in_native, id=12204, stack(0x0000000002a00000,0x0000000002b00000)]

siginfo: ExceptionCode=0xc0000005, reading address 0x0000000000005d2a

Registers:
RAX=0x0000000000005d1a, RBX=0x000000001c2a4d78, RCX=0x000000002706e2f0, RDX=0x0000000000000100
RSP=0x0000000002afe210, RBP=0x0000000002afe568, RSI=0x0000000000000008, RDI=0x0000000002d083fd
R8 =0x0000000020f3dbb0, R9 =0x0000000002afc5b0, R10=0x0000000000000000, R11=0x0000000000000246
R12=0x0000000000000000, R13=0x000000001c2a4d78, R14=0x0000000002afe5a0, R15=0x0000000002c03800
RIP=0x00007ffb88b2735f, EFLAGS=0x0000000000010202

Top of Stack: (sp=0x0000000002afe210)
0x0000000002afe210:   0000000002afe228 00000000271d74b0
0x0000000002afe220:   0000000000000000 00007ffb000000aa
0x0000000002afe230:   0000000027201b60 00007ffb88c3717c
0x0000000002afe240:   0000000000000000 00007ffb88b2b00f
0x0000000002afe250:   0000000020ee8ad0 0000000000005d1a
0x0000000002afe260:   0000000002afe270 00007ffb88b4adc9
0x0000000002afe270:   0000000000000001 0000000000000000
0x0000000002afe280:   0000000000000000 0000000027201b60
0x0000000002afe290:   0000000020e5acc8 00007ffb88b2a831
0x0000000002afe2a0:   0000000020ee8ad0 0000000027201b60
0x0000000002afe2b0:   0000000002afe428 0000000020eee000
0x0000000002afe2c0:   000000001c2a4d78 00007ffb88bd17b9
0x0000000002afe2d0:   0000000027201b60 0000000000000000
0x0000000002afe2e0:   00000000271fd4d0 0000000000000000
0x0000000002afe2f0:   0000000000000000 0000000000000000
0x0000000002afe300:   0000000000000000 0000000020eee000 

Instructions: (pc=0x00007ffb88b2735f)
0x00007ffb88b2733f:   cc 48 89 54 24 10 48 89 4c 24 08 48 83 ec 38 48
0x00007ffb88b2734f:   83 7c 24 48 00 0f 84 e0 00 00 00 48 8b 44 24 48
0x00007ffb88b2735f:   48 83 78 10 00 74 13 48 8b 44 24 48 48 8b 50 10
0x00007ffb88b2736f:   48 8b 4c 24 40 e8 c7 ff ff ff 48 8b 44 24 48 48 


Register to memory mapping:

RAX=0x0000000000005d1a is an unknown value
RBX={method} {0x000000001c2a4d80} 'eval' '(JLjava/lang/String;)LCLIPSJNI/PrimitiveValue;' in 'CLIPSJNI/Environment'
RCX=0x000000002706e2f0 is an unknown value
RDX=0x0000000000000100 is an unknown value
RSP=0x0000000002afe210 is pointing into the stack for thread: 0x0000000002c03800
RBP=0x0000000002afe568 is pointing into the stack for thread: 0x0000000002c03800
RSI=0x0000000000000008 is an unknown value
RDI=0x0000000002d083fd is at code_begin+2301 in an Interpreter codelet
invoke return entry points  [0x0000000002d07b00, 0x0000000002d084e0]  2528 bytes
R8 =0x0000000020f3dbb0 is an unknown value
R9 =0x0000000002afc5b0 is pointing into the stack for thread: 0x0000000002c03800
R10=0x0000000000000000 is an unknown value
R11=0x0000000000000246 is an unknown value
R12=0x0000000000000000 is an unknown value
R13={method} {0x000000001c2a4d80} 'eval' '(JLjava/lang/String;)LCLIPSJNI/PrimitiveValue;' in 'CLIPSJNI/Environment'
R14=0x0000000002afe5a0 is pointing into the stack for thread: 0x0000000002c03800
R15=0x0000000002c03800 is a thread


Stack: [0x0000000002a00000,0x0000000002b00000],  sp=0x0000000002afe210,  free space=1016k
Native frames: (J=compiled Java code, j=interpreted, Vv=VM code, C=native code)
C  [CLIPSJNI.dll+0x4735f]
C  [CLIPSJNI.dll+0x4b00f]
C  [CLIPSJNI.dll+0x4a831]
C  [CLIPSJNI.dll+0x4a3dd]
C  [CLIPSJNI.dll+0x4b2b9]
C  [CLIPSJNI.dll+0xf4416]
C  [CLIPSJNI.dll+0x17097]
C  0x0000000002d21df0

Java frames: (J=compiled Java code, j=interpreted, Vv=VM code)
j  CLIPSJNI.Environment.eval(JLjava/lang/String;)LCLIPSJNI/PrimitiveValue;+0
j  CLIPSJNI.Environment.eval(Ljava/lang/String;)LCLIPSJNI/PrimitiveValue;+6
j  sample.Main.nextUIState()Ljava/lang/String;+7
j  sample.Main.initClips()V+61
j  sample.Main.main([Ljava/lang/String;)V+0
v  ~StubRoutines::call_stub
j  sun.reflect.NativeMethodAccessorImpl.invoke0(Ljava/lang/reflect/Method;Ljava/lang/Object;[Ljava/lang/Object;)Ljava/lang/Object;+0
j  sun.reflect.NativeMethodAccessorImpl.invoke(Ljava/lang/Object;[Ljava/lang/Object;)Ljava/lang/Object;+100
j  sun.reflect.DelegatingMethodAccessorImpl.invoke(Ljava/lang/Object;[Ljava/lang/Object;)Ljava/lang/Object;+6
j  java.lang.reflect.Method.invoke(Ljava/lang/Object;[Ljava/lang/Object;)Ljava/lang/Object;+56
j  com.sun.javafx.application.LauncherImpl.launchApplicationWithArgs(Ljava/lang/String;Ljava/lang/String;[Ljava/lang/String;)V+154
j  com.sun.javafx.application.LauncherImpl.launchApplication(Ljava/lang/String;Ljava/lang/String;[Ljava/lang/String;)V+409
v  ~StubRoutines::call_stub
j  sun.reflect.NativeMethodAccessorImpl.invoke0(Ljava/lang/reflect/Method;Ljava/lang/Object;[Ljava/lang/Object;)Ljava/lang/Object;+0
j  sun.reflect.NativeMethodAccessorImpl.invoke(Ljava/lang/Object;[Ljava/lang/Object;)Ljava/lang/Object;+100
j  sun.reflect.DelegatingMethodAccessorImpl.invoke(Ljava/lang/Object;[Ljava/lang/Object;)Ljava/lang/Object;+6
j  java.lang.reflect.Method.invoke(Ljava/lang/Object;[Ljava/lang/Object;)Ljava/lang/Object;+56
j  sun.launcher.LauncherHelper$FXHelper.main([Ljava/lang/String;)V+52
v  ~StubRoutines::call_stub

---------------  P R O C E S S  ---------------

Java Threads: ( => current thread )
  0x000000001f8b1800 JavaThread "Thread-2" daemon [_thread_in_native, id=15444, stack(0x0000000029440000,0x0000000029540000)]
  0x000000001f87d000 JavaThread "JavaFX Application Thread" [_thread_in_native, id=16088, stack(0x0000000020aa0000,0x0000000020ba0000)]
  0x000000001f8bf000 JavaThread "Thread-1" daemon [_thread_blocked, id=8824, stack(0x00000000209a0000,0x0000000020aa0000)]
  0x000000001f7f5000 JavaThread "QuantumRenderer-0" daemon [_thread_blocked, id=10396, stack(0x00000000201c0000,0x00000000202c0000)]
  0x000000001e7d0800 JavaThread "Service Thread" daemon [_thread_blocked, id=14388, stack(0x000000001f540000,0x000000001f640000)]
  0x000000001e749000 JavaThread "C1 CompilerThread3" daemon [_thread_blocked, id=7512, stack(0x000000001f440000,0x000000001f540000)]
  0x000000001e746000 JavaThread "C2 CompilerThread2" daemon [_thread_blocked, id=7628, stack(0x000000001f340000,0x000000001f440000)]
  0x000000001e741000 JavaThread "C2 CompilerThread1" daemon [_thread_blocked, id=12676, stack(0x000000001f240000,0x000000001f340000)]
  0x000000001e73e000 JavaThread "C2 CompilerThread0" daemon [_thread_blocked, id=13640, stack(0x000000001f140000,0x000000001f240000)]
  0x000000001e684800 JavaThread "JDWP Command Reader" daemon [_thread_in_native, id=12040, stack(0x000000001f040000,0x000000001f140000)]
  0x000000001e677800 JavaThread "JDWP Event Helper Thread" daemon [_thread_blocked, id=9688, stack(0x000000001ef40000,0x000000001f040000)]
  0x000000001e66a800 JavaThread "JDWP Transport Listener: dt_socket" daemon [_thread_blocked, id=7676, stack(0x000000001ee40000,0x000000001ef40000)]
  0x000000001e661000 JavaThread "Attach Listener" daemon [_thread_blocked, id=13624, stack(0x000000001ed40000,0x000000001ee40000)]
  0x000000001e660000 JavaThread "Signal Dispatcher" daemon [_thread_blocked, id=11112, stack(0x000000001ec40000,0x000000001ed40000)]
  0x000000001e650800 JavaThread "Finalizer" daemon [_thread_blocked, id=8476, stack(0x000000001ea30000,0x000000001eb30000)]
  0x0000000002cf9000 JavaThread "Reference Handler" daemon [_thread_blocked, id=8312, stack(0x000000001e530000,0x000000001e630000)]
=>0x0000000002c03800 JavaThread "main" [_thread_in_native, id=12204, stack(0x0000000002a00000,0x0000000002b00000)]

Other Threads:
  0x000000001c749800 VMThread [stack: 0x000000001e430000,0x000000001e530000] [id=8240]
  0x000000001e765800 WatcherThread [stack: 0x000000001f640000,0x000000001f740000] [id=5316]

VM state:not at safepoint (normal execution)

VM Mutex/Monitor currently owned by a thread: None

Heap:
 PSYoungGen      total 76288K, used 18819K [0x000000076b200000, 0x0000000770700000, 0x00000007c0000000)
  eden space 65536K, 28% used [0x000000076b200000,0x000000076c460f58,0x000000076f200000)
  from space 10752K, 0% used [0x000000076fc80000,0x000000076fc80000,0x0000000770700000)
  to   space 10752K, 0% used [0x000000076f200000,0x000000076f200000,0x000000076fc80000)
 ParOldGen       total 175104K, used 0K [0x00000006c1600000, 0x00000006cc100000, 0x000000076b200000)
  object space 175104K, 0% used [0x00000006c1600000,0x00000006c1600000,0x00000006cc100000)
 Metaspace       used 6758K, capacity 7068K, committed 7296K, reserved 1056768K
  class space    used 756K, capacity 866K, committed 896K, reserved 1048576K

Card table byte_map: [0x00000000120c0000,0x00000000128c0000] byte_map_base: 0x000000000eab5000

Marking Bits: (ParMarkBitMap*) 0x0000000060ef2d00
 Begin Bits: [0x0000000013610000, 0x00000000175b8000)
 End Bits:   [0x00000000175b8000, 0x000000001b560000)

Polling page: 0x00000000010d0000

CodeCache: size=245760Kb used=2239Kb max_used=2249Kb free=243520Kb
 bounds [0x0000000002d00000, 0x0000000002f70000, 0x0000000011d00000]
 total_blobs=867 nmethods=496 adapters=292
 compilation: enabled

Compilation events (10 events):
Event: 0.538 Thread 0x000000001e749000  490       3       java.lang.String::lastIndexOf (11 bytes)
Event: 0.539 Thread 0x000000001e749000 nmethod 490 0x0000000002f2d250 code [0x0000000002f2d3c0, 0x0000000002f2d668]
Event: 0.539 Thread 0x000000001e749000  492       3       java.net.URLStreamHandler::setURL (40 bytes)
Event: 0.539 Thread 0x000000001e749000 nmethod 492 0x0000000002f2d7d0 code [0x0000000002f2d960, 0x0000000002f2dd98]
Event: 0.539 Thread 0x000000001e749000  493   !   3       java.net.URL::set (114 bytes)
Event: 0.539 Thread 0x000000001e746000 nmethod 488 0x0000000002f30e10 code [0x0000000002f30f60, 0x0000000002f31198]
Event: 0.539 Thread 0x000000001e749000 nmethod 493 0x0000000002f2f950 code [0x0000000002f2fb40, 0x0000000002f30798]
Event: 0.539 Thread 0x000000001e749000  491       3       java.lang.String::lastIndexOf (25 bytes)
Event: 0.539 Thread 0x000000001e749000 nmethod 491 0x0000000002f2f510 code [0x0000000002f2f680, 0x0000000002f2f848]
Event: 0.540 Thread 0x000000001e741000 nmethod 489 0x0000000002f32d10 code [0x0000000002f32e60, 0x0000000002f330d8]

GC Heap History (0 events):
No events

Deoptimization events (2 events):
Event: 0.257 Thread 0x0000000002c03800 Uncommon trap: reason=null_check action=make_not_entrant pc=0x0000000002e245c8 method=java.lang.String.equals(Ljava/lang/Object;)Z @ 8
Event: 0.376 Thread 0x0000000002c03800 Uncommon trap: reason=unstable_if action=reinterpret pc=0x0000000002ec26b8 method=java.lang.String.replace(CC)Ljava/lang/String; @ 26

Classes redefined (0 events):
No events

Internal exceptions (10 events):
Event: 0.042 Thread 0x0000000002c03800 Exception <a 'java/lang/NoSuchMethodError': Method sun.misc.Unsafe.defineClass(Ljava/lang/String;[BII)Ljava/lang/Class; name or signature does not match> (0x000000076b207cb0) thrown at [C:\re\workspace\8-2-build-windows-amd64-cygwin\jdk8u181\11358\hotspot
Event: 0.042 Thread 0x0000000002c03800 Exception <a 'java/lang/NoSuchMethodError': Method sun.misc.Unsafe.prefetchRead(Ljava/lang/Object;J)V name or signature does not match> (0x000000076b207f98) thrown at [C:\re\workspace\8-2-build-windows-amd64-cygwin\jdk8u181\11358\hotspot\src\share\vm\prim
Event: 0.217 Thread 0x0000000002c03800 Exception <a 'java/lang/NoSuchFieldError': method resolution failed> (0x000000076b7b7a90) thrown at [C:\re\workspace\8-2-build-windows-amd64-cygwin\jdk8u181\11358\hotspot\src\share\vm\prims\methodHandles.cpp, line 1167]
Event: 0.218 Thread 0x0000000002c03800 Exception <a 'java/lang/NoSuchFieldError': method resolution failed> (0x000000076b7c56b0) thrown at [C:\re\workspace\8-2-build-windows-amd64-cygwin\jdk8u181\11358\hotspot\src\share\vm\prims\methodHandles.cpp, line 1167]
Event: 0.239 Thread 0x0000000002c03800 Exception <a 'java/security/PrivilegedActionException'> (0x000000076b8779c8) thrown at [C:\re\workspace\8-2-build-windows-amd64-cygwin\jdk8u181\11358\hotspot\src\share\vm\prims\jvm.cpp, line 1435]
Event: 0.239 Thread 0x0000000002c03800 Exception <a 'java/security/PrivilegedActionException'> (0x000000076b877bd8) thrown at [C:\re\workspace\8-2-build-windows-amd64-cygwin\jdk8u181\11358\hotspot\src\share\vm\prims\jvm.cpp, line 1435]
Event: 0.240 Thread 0x0000000002c03800 Exception <a 'java/security/PrivilegedActionException'> (0x000000076b87bae8) thrown at [C:\re\workspace\8-2-build-windows-amd64-cygwin\jdk8u181\11358\hotspot\src\share\vm\prims\jvm.cpp, line 1435]
Event: 0.240 Thread 0x0000000002c03800 Exception <a 'java/security/PrivilegedActionException'> (0x000000076b87bcf8) thrown at [C:\re\workspace\8-2-build-windows-amd64-cygwin\jdk8u181\11358\hotspot\src\share\vm\prims\jvm.cpp, line 1435]
Event: 0.240 Thread 0x0000000002c03800 Exception <a 'java/lang/NullPointerException'> (0x000000076b87da60) thrown at [C:\re\workspace\8-2-build-windows-amd64-cygwin\jdk8u181\11358\hotspot\src\share\vm\interpreter\linkResolver.cpp, line 1185]
Event: 0.257 Thread 0x0000000002c03800 Implicit null exception at 0x0000000002e24318 to 0x0000000002e245b9

Events (10 events):
Event: 4.217 Executing VM operation: EnableBiasedLocking done
Event: 4.400 Executing VM operation: EnterInterpOnlyMode
Event: 4.400 Executing VM operation: EnterInterpOnlyMode done
Event: 4.400 Executing VM operation: GetCurrentLocation
Event: 4.400 Executing VM operation: GetCurrentLocation done
Event: 4.400 Executing VM operation: ChangeSingleStep
Event: 4.400 Executing VM operation: ChangeSingleStep done
Event: 4.400 Executing VM operation: ChangeSingleStep
Event: 4.400 Executing VM operation: ChangeSingleStep done
Event: 4.401 Thread 0x000000001f8b5000 Thread exited: 0x000000001f8b5000


Dynamic libraries:
0x00007ff67b380000 - 0x00007ff67b3b7000 	C:\Program Files\Java\jdk1.8.0_181\bin\java.exe
0x00007ffbba440000 - 0x00007ffbba621000 	C:\WINDOWS\SYSTEM32\ntdll.dll
0x00007ffbb78d0000 - 0x00007ffbb7982000 	C:\WINDOWS\System32\KERNEL32.DLL
0x00007ffbb68e0000 - 0x00007ffbb6b53000 	C:\WINDOWS\System32\KERNELBASE.dll
0x00007ffbb9d40000 - 0x00007ffbb9de1000 	C:\WINDOWS\System32\ADVAPI32.dll
0x00007ffbb8130000 - 0x00007ffbb81ce000 	C:\WINDOWS\System32\msvcrt.dll
0x00007ffbb82a0000 - 0x00007ffbb82fb000 	C:\WINDOWS\System32\sechost.dll
0x00007ffbb8500000 - 0x00007ffbb8624000 	C:\WINDOWS\System32\RPCRT4.dll
0x00007ffbb9df0000 - 0x00007ffbb9f80000 	C:\WINDOWS\System32\USER32.dll
0x00007ffbb68c0000 - 0x00007ffbb68e0000 	C:\WINDOWS\System32\win32u.dll
0x00007ffbb7a40000 - 0x00007ffbb7a68000 	C:\WINDOWS\System32\GDI32.dll
0x00007ffbb7530000 - 0x00007ffbb76c2000 	C:\WINDOWS\System32\gdi32full.dll
0x00007ffbb76d0000 - 0x00007ffbb776f000 	C:\WINDOWS\System32\msvcp_win.dll
0x00007ffbb7770000 - 0x00007ffbb786a000 	C:\WINDOWS\System32\ucrtbase.dll
0x00007ffbacda0000 - 0x00007ffbad009000 	C:\WINDOWS\WinSxS\amd64_microsoft.windows.common-controls_6595b64144ccf1df_6.0.17134.407_none_fb449d63306391e9\COMCTL32.dll
0x00007ffbb7d60000 - 0x00007ffbb8082000 	C:\WINDOWS\System32\combase.dll
0x00007ffbb6b60000 - 0x00007ffbb6bda000 	C:\WINDOWS\System32\bcryptPrimitives.dll
0x00007ffbb9f80000 - 0x00007ffbb9fad000 	C:\WINDOWS\System32\IMM32.DLL
0x0000000061dc0000 - 0x0000000061e92000 	C:\Program Files\Java\jdk1.8.0_181\jre\bin\msvcr100.dll
0x00000000606d0000 - 0x0000000060f72000 	C:\Program Files\Java\jdk1.8.0_181\jre\bin\server\jvm.dll
0x00007ffbb9fb0000 - 0x00007ffbb9fb8000 	C:\WINDOWS\System32\PSAPI.DLL
0x00007ffbb1c80000 - 0x00007ffbb1c8a000 	C:\WINDOWS\SYSTEM32\VERSION.dll
0x00007ffbb41a0000 - 0x00007ffbb41a9000 	C:\WINDOWS\SYSTEM32\WSOCK32.dll
0x00007ffbb48c0000 - 0x00007ffbb48e3000 	C:\WINDOWS\SYSTEM32\WINMM.dll
0x00007ffbb8490000 - 0x00007ffbb84fc000 	C:\WINDOWS\System32\WS2_32.dll
0x00007ffbb47b0000 - 0x00007ffbb47da000 	C:\WINDOWS\SYSTEM32\WINMMBASE.dll
0x00007ffbb74e0000 - 0x00007ffbb7529000 	C:\WINDOWS\System32\cfgmgr32.dll
0x0000000061db0000 - 0x0000000061dbf000 	C:\Program Files\Java\jdk1.8.0_181\jre\bin\verify.dll
0x0000000061d80000 - 0x0000000061da9000 	C:\Program Files\Java\jdk1.8.0_181\jre\bin\java.dll
0x0000000061cb0000 - 0x0000000061ce5000 	C:\Program Files\Java\jdk1.8.0_181\jre\bin\jdwp.dll
0x0000000061d30000 - 0x0000000061d38000 	C:\Program Files\Java\jdk1.8.0_181\jre\bin\npt.dll
0x0000000061c80000 - 0x0000000061ca3000 	C:\Program Files\Java\jdk1.8.0_181\jre\bin\instrument.dll
0x0000000061d60000 - 0x0000000061d76000 	C:\Program Files\Java\jdk1.8.0_181\jre\bin\zip.dll
0x00007ffbb8900000 - 0x00007ffbb9d3f000 	C:\WINDOWS\System32\SHELL32.dll
0x00007ffbb7990000 - 0x00007ffbb7a39000 	C:\WINDOWS\System32\shcore.dll
0x00007ffbb6be0000 - 0x00007ffbb72ed000 	C:\WINDOWS\System32\windows.storage.dll
0x00007ffbb8240000 - 0x00007ffbb8291000 	C:\WINDOWS\System32\shlwapi.dll
0x00007ffbb6780000 - 0x00007ffbb6791000 	C:\WINDOWS\System32\kernel.appcore.dll
0x00007ffbb67f0000 - 0x00007ffbb680f000 	C:\WINDOWS\System32\profapi.dll
0x00007ffbb67a0000 - 0x00007ffbb67ec000 	C:\WINDOWS\System32\powrprof.dll
0x00007ffbb6750000 - 0x00007ffbb675a000 	C:\WINDOWS\System32\FLTLIB.DLL
0x0000000061d20000 - 0x0000000061d29000 	C:\Program Files\Java\jdk1.8.0_181\jre\bin\dt_socket.dll
0x00007ffbb5fd0000 - 0x00007ffbb6036000 	C:\WINDOWS\system32\mswsock.dll
0x000000001ff40000 - 0x000000001ff43000 	C:\Program Files\Java\jdk1.8.0_181\jre\bin\api-ms-win-core-console-l1-1-0.dll
0x000000001ff50000 - 0x000000001ff53000 	C:\Program Files\Java\jdk1.8.0_181\jre\bin\api-ms-win-core-datetime-l1-1-0.dll
0x000000001ff60000 - 0x000000001ff63000 	C:\Program Files\Java\jdk1.8.0_181\jre\bin\api-ms-win-core-debug-l1-1-0.dll
0x000000001ff70000 - 0x000000001ff73000 	C:\Program Files\Java\jdk1.8.0_181\jre\bin\api-ms-win-core-errorhandling-l1-1-0.dll
0x000000001ff80000 - 0x000000001ff84000 	C:\Program Files\Java\jdk1.8.0_181\jre\bin\api-ms-win-core-file-l1-1-0.dll
0x000000001ff90000 - 0x000000001ff93000 	C:\Program Files\Java\jdk1.8.0_181\jre\bin\api-ms-win-core-file-l1-2-0.dll
0x000000001ffa0000 - 0x000000001ffa3000 	C:\Program Files\Java\jdk1.8.0_181\jre\bin\api-ms-win-core-file-l2-1-0.dll
0x000000001ffb0000 - 0x000000001ffb3000 	C:\Program Files\Java\jdk1.8.0_181\jre\bin\api-ms-win-core-handle-l1-1-0.dll
0x000000001ffc0000 - 0x000000001ffc3000 	C:\Program Files\Java\jdk1.8.0_181\jre\bin\api-ms-win-core-heap-l1-1-0.dll
0x000000001ffd0000 - 0x000000001ffd3000 	C:\Program Files\Java\jdk1.8.0_181\jre\bin\api-ms-win-core-interlocked-l1-1-0.dll
0x000000001ffe0000 - 0x000000001ffe3000 	C:\Program Files\Java\jdk1.8.0_181\jre\bin\api-ms-win-core-libraryloader-l1-1-0.dll
0x000000001fff0000 - 0x000000001fff3000 	C:\Program Files\Java\jdk1.8.0_181\jre\bin\api-ms-win-core-localization-l1-2-0.dll
0x0000000020000000 - 0x0000000020003000 	C:\Program Files\Java\jdk1.8.0_181\jre\bin\api-ms-win-core-memory-l1-1-0.dll
0x0000000020010000 - 0x0000000020013000 	C:\Program Files\Java\jdk1.8.0_181\jre\bin\api-ms-win-core-namedpipe-l1-1-0.dll
0x0000000020020000 - 0x0000000020023000 	C:\Program Files\Java\jdk1.8.0_181\jre\bin\api-ms-win-core-processenvironment-l1-1-0.dll
0x0000000020030000 - 0x0000000020033000 	C:\Program Files\Java\jdk1.8.0_181\jre\bin\api-ms-win-core-processthreads-l1-1-0.dll
0x0000000020040000 - 0x0000000020043000 	C:\Program Files\Java\jdk1.8.0_181\jre\bin\api-ms-win-core-processthreads-l1-1-1.dll
0x0000000020050000 - 0x0000000020053000 	C:\Program Files\Java\jdk1.8.0_181\jre\bin\api-ms-win-core-profile-l1-1-0.dll
0x0000000020060000 - 0x0000000020063000 	C:\Program Files\Java\jdk1.8.0_181\jre\bin\api-ms-win-core-rtlsupport-l1-1-0.dll
0x0000000020070000 - 0x0000000020073000 	C:\Program Files\Java\jdk1.8.0_181\jre\bin\api-ms-win-core-string-l1-1-0.dll
0x0000000020080000 - 0x0000000020083000 	C:\Program Files\Java\jdk1.8.0_181\jre\bin\api-ms-win-core-synch-l1-1-0.dll
0x0000000020090000 - 0x0000000020093000 	C:\Program Files\Java\jdk1.8.0_181\jre\bin\api-ms-win-core-synch-l1-2-0.dll
0x00000000200a0000 - 0x00000000200a3000 	C:\Program Files\Java\jdk1.8.0_181\jre\bin\api-ms-win-core-sysinfo-l1-1-0.dll
0x00000000200b0000 - 0x00000000200b3000 	C:\Program Files\Java\jdk1.8.0_181\jre\bin\api-ms-win-core-timezone-l1-1-0.dll
0x00000000200c0000 - 0x00000000200c3000 	C:\Program Files\Java\jdk1.8.0_181\jre\bin\api-ms-win-core-util-l1-1-0.dll
0x00000000200d0000 - 0x00000000200d3000 	C:\Program Files\Java\jdk1.8.0_181\jre\bin\api-ms-win-crt-conio-l1-1-0.dll
0x00000000200e0000 - 0x00000000200e4000 	C:\Program Files\Java\jdk1.8.0_181\jre\bin\api-ms-win-crt-convert-l1-1-0.dll
0x00000000200f0000 - 0x00000000200f3000 	C:\Program Files\Java\jdk1.8.0_181\jre\bin\api-ms-win-crt-environment-l1-1-0.dll
0x0000000020100000 - 0x0000000020103000 	C:\Program Files\Java\jdk1.8.0_181\jre\bin\api-ms-win-crt-filesystem-l1-1-0.dll
0x0000000020110000 - 0x0000000020113000 	C:\Program Files\Java\jdk1.8.0_181\jre\bin\api-ms-win-crt-heap-l1-1-0.dll
0x0000000020120000 - 0x0000000020123000 	C:\Program Files\Java\jdk1.8.0_181\jre\bin\api-ms-win-crt-locale-l1-1-0.dll
0x0000000020130000 - 0x0000000020135000 	C:\Program Files\Java\jdk1.8.0_181\jre\bin\api-ms-win-crt-math-l1-1-0.dll
0x0000000020140000 - 0x0000000020145000 	C:\Program Files\Java\jdk1.8.0_181\jre\bin\api-ms-win-crt-multibyte-l1-1-0.dll
0x0000000020150000 - 0x0000000020160000 	C:\Program Files\Java\jdk1.8.0_181\jre\bin\api-ms-win-crt-private-l1-1-0.dll
0x0000000020160000 - 0x0000000020163000 	C:\Program Files\Java\jdk1.8.0_181\jre\bin\api-ms-win-crt-process-l1-1-0.dll
0x0000000020170000 - 0x0000000020174000 	C:\Program Files\Java\jdk1.8.0_181\jre\bin\api-ms-win-crt-runtime-l1-1-0.dll
0x0000000020180000 - 0x0000000020184000 	C:\Program Files\Java\jdk1.8.0_181\jre\bin\api-ms-win-crt-stdio-l1-1-0.dll
0x0000000020190000 - 0x0000000020194000 	C:\Program Files\Java\jdk1.8.0_181\jre\bin\api-ms-win-crt-string-l1-1-0.dll
0x00000000201a0000 - 0x00000000201a3000 	C:\Program Files\Java\jdk1.8.0_181\jre\bin\api-ms-win-crt-time-l1-1-0.dll
0x00000000201b0000 - 0x00000000201b3000 	C:\Program Files\Java\jdk1.8.0_181\jre\bin\api-ms-win-crt-utility-l1-1-0.dll
0x00007ffb88c50000 - 0x00007ffb88d46000 	C:\Program Files\Java\jdk1.8.0_181\jre\bin\ucrtbase.dll
0x00007ffba4910000 - 0x00007ffba4926000 	C:\Program Files\Java\jdk1.8.0_181\jre\bin\vcruntime140.dll
0x00007ffb89910000 - 0x00007ffb899ac000 	C:\Program Files\Java\jdk1.8.0_181\jre\bin\msvcp140.dll
0x00007ffb94e20000 - 0x00007ffb94e71000 	C:\Program Files\Java\jdk1.8.0_181\jre\bin\concrt140.dll
0x0000000061c20000 - 0x0000000061c43000 	C:\Program Files\Java\jdk1.8.0_181\jre\bin\prism_d3d.dll
0x00007ffbaed00000 - 0x00007ffbaee97000 	C:\WINDOWS\system32\d3d9.dll
0x00007ffbb4ee0000 - 0x00007ffbb4f09000 	C:\WINDOWS\SYSTEM32\dwmapi.dll
0x00007ffbb4c50000 - 0x00007ffbb4ce8000 	C:\WINDOWS\system32\uxtheme.dll
0x00007ffbb0e80000 - 0x00007ffbb0f6e000 	C:\WINDOWS\System32\DriverStore\FileRepository\nv_dispi.inf_amd64_f4187dc256a67a6b\nvldumdx.dll
0x00007ffbb72f0000 - 0x00007ffbb74d2000 	C:\WINDOWS\System32\crypt32.dll
0x00007ffbb6760000 - 0x00007ffbb6772000 	C:\WINDOWS\System32\MSASN1.dll
0x00007ffbb7870000 - 0x00007ffbb78c7000 	C:\WINDOWS\System32\WINTRUST.DLL
0x00007ffbb8630000 - 0x00007ffbb864d000 	C:\WINDOWS\System32\imagehlp.dll
0x00007ffbb6190000 - 0x00007ffbb61a7000 	C:\WINDOWS\SYSTEM32\CRYPTSP.dll
0x00007ffbb5bb0000 - 0x00007ffbb5be3000 	C:\WINDOWS\system32\rsaenh.dll
0x00007ffbb62b0000 - 0x00007ffbb62d5000 	C:\WINDOWS\SYSTEM32\bcrypt.dll
0x00007ffbb6180000 - 0x00007ffbb618b000 	C:\WINDOWS\SYSTEM32\CRYPTBASE.dll
0x00007ffb81dc0000 - 0x00007ffb831a7000 	C:\WINDOWS\System32\DriverStore\FileRepository\nv_dispi.inf_amd64_f4187dc256a67a6b\nvd3dumx.dll
0x0000000061bd0000 - 0x0000000061c19000 	C:\Program Files\Java\jdk1.8.0_181\jre\bin\glass.dll
0x00007ffbb7c70000 - 0x00007ffbb7d5d000 	C:\WINDOWS\System32\COMDLG32.dll
0x00007ffbb8650000 - 0x00007ffbb87a1000 	C:\WINDOWS\System32\ole32.dll
0x00007ffbb87b0000 - 0x00007ffbb8872000 	C:\WINDOWS\System32\OLEAUT32.dll
0x00007ffbb8310000 - 0x00007ffbb8483000 	C:\WINDOWS\System32\MSCTF.dll
0x00007ffbac770000 - 0x00007ffbac885000 	C:\Program Files (x86)\Stardock\Groupy\groupy_64.dll
0x00007ffbafb00000 - 0x00007ffbafbc4000 	C:\Program Files (x86)\NVIDIA Corporation\3D Vision\nvSCPAPI64.dll
0x00007ffbb9fc0000 - 0x00007ffbba40b000 	C:\WINDOWS\System32\SETUPAPI.dll
0x00007ffbb5490000 - 0x00007ffbb54b2000 	C:\WINDOWS\SYSTEM32\gpapi.dll
0x00007ffbb15b0000 - 0x00007ffbb15de000 	C:\WINDOWS\SYSTEM32\cryptnet.dll
0x00007ffb88ae0000 - 0x00007ffb88c49000 	C:\Users\nn\IdeaProjects\fx1\CLIPSJNI.dll
0x00007ffba4de0000 - 0x00007ffba4fa9000 	C:\WINDOWS\SYSTEM32\dbghelp.dll

VM Arguments:
jvm_args: -agentlib:jdwp=transport=dt_socket,address=127.0.0.1:65459,suspend=y,server=n -javaagent:C:\Users\nn\.IdeaIC2018.2\system\captureAgent\debugger-agent.jar=file:/C:/Users/nn/AppData/Local/Temp/capture.props -Dfile.encoding=UTF-8 
java_command: sample.Main
java_class_path (initial): C:\Program Files\Java\jdk1.8.0_181\jre\lib\charsets.jar;C:\Program Files\Java\jdk1.8.0_181\jre\lib\deploy.jar;C:\Program Files\Java\jdk1.8.0_181\jre\lib\ext\access-bridge-64.jar;C:\Program Files\Java\jdk1.8.0_181\jre\lib\ext\cldrdata.jar;C:\Program Files\Java\jdk1.8.0_181\jre\lib\ext\dnsns.jar;C:\Program Files\Java\jdk1.8.0_181\jre\lib\ext\jaccess.jar;C:\Program Files\Java\jdk1.8.0_181\jre\lib\ext\jfxrt.jar;C:\Program Files\Java\jdk1.8.0_181\jre\lib\ext\localedata.jar;C:\Program Files\Java\jdk1.8.0_181\jre\lib\ext\nashorn.jar;C:\Program Files\Java\jdk1.8.0_181\jre\lib\ext\sunec.jar;C:\Program Files\Java\jdk1.8.0_181\jre\lib\ext\sunjce_provider.jar;C:\Program Files\Java\jdk1.8.0_181\jre\lib\ext\sunmscapi.jar;C:\Program Files\Java\jdk1.8.0_181\jre\lib\ext\sunpkcs11.jar;C:\Program Files\Java\jdk1.8.0_181\jre\lib\ext\zipfs.jar;C:\Program Files\Java\jdk1.8.0_181\jre\lib\javaws.jar;C:\Program Files\Java\jdk1.8.0_181\jre\lib\jce.jar;C:\Program Files\Java\jdk1.8.0_181\jre\lib\jfr.jar;C:\Program Files\Java\jdk1.8.0_181\jre\lib\jfxswt.jar;C:\Program Files\Java\jdk1.8.0_181\jre\lib\jsse.jar;C:\Program Files\Java\jdk1.8.0_181\jre\lib\management-agent.jar;C:\Program Files\Java\jdk1.8.0_181\jre\lib\plugin.jar;C:\Program Files\Java\jdk1.8.0_181\jre\lib\resources.jar;C:\Program Files\Java\jdk1.8.0_181\jre\lib\rt.jar;C:\Users\nn\IdeaProjects\fx1\out\production\fx1;C:\Users\nn\Desktop\studia\CLIPS\CLIPSJNI.jar;C:\Program Files\JetBrains\IntelliJ IDEA Community Edition 2018.2.6\lib\idea_rt.jar;C:\Users\nn\.IdeaIC2018.2\system\captureAgent\debugger-agent.jar
Launcher Type: SUN_STANDARD

Environment Variables:
PATH=C:\Program Files\Haskell\bin;C:\Program Files\Haskell Platform\8.4.3\lib\extralibs\bin;C:\Program Files\Haskell Platform\8.4.3\bin;C:\Program Files (x86)\Common Files\Oracle\Java\javapath;C:\WINDOWS\system32;C:\WINDOWS;C:\WINDOWS\System32\Wbem;C:\WINDOWS\System32\WindowsPowerShell\v1.0\;C:\WINDOWS\System32\OpenSSH\;C:\Program Files\Microsoft VS Code\bin;C:\Program Files\Git\cmd;C:\Program Files\nodejs\;C:\PostgreSQL\pg10\bin;C:\Program Files\Haskell Platform\8.4.3\mingw\bin;C:\Program Files (x86)\NVIDIA Corporation\PhysX\Common;C:\Ruby25-x64\bin;C:\Users\nn\AppData\Roaming\cabal\bin;C:\Users\nn\AppData\Roaming\local\bin;C:\Users\nn\AppData\Local\Programs\Python\Python37-32\Scripts\;C:\Users\nn\AppData\Local\Programs\Python\Python37-32\;C:\Users\nn\AppData\Local\Microsoft\WindowsApps;C:\Users\nn\AppData\Roaming\npm
USERNAME=nn
OS=Windows_NT
PROCESSOR_IDENTIFIER=Intel64 Family 6 Model 60 Stepping 3, GenuineIntel



---------------  S Y S T E M  ---------------

OS: Windows 10.0 , 64 bit Build 17134 (10.0.17134.1)

CPU:total 8 (initial active 8) (4 cores per cpu, 2 threads per core) family 6 model 60 stepping 3, cmov, cx8, fxsr, mmx, sse, sse2, sse3, ssse3, sse4.1, sse4.2, popcnt, avx, avx2, aes, clmul, erms, lzcnt, ht, tsc, tscinvbit, bmi1, bmi2

Memory: 4k page, physical 16683036k(8565360k free), swap 20221980k(6838188k free)

vm_info: Java HotSpot(TM) 64-Bit Server VM (25.181-b13) for windows-amd64 JRE (1.8.0_181-b13), built on Jul  7 2018 04:01:33 by "java_re" with MS VC++ 10.0 (VS2010)

time: Tue Dec 11 19:36:53 2018
elapsed time: 4 seconds (0d 0h 0m 4s)

